* using log directory 'C:/Users/eyupg/Desktop/appa/donemproje1_APPACostumerServices/AppaCustomerServices.Rcheck'
* using R version 4.3.3 (2024-02-29 ucrt)
* using platform: x86_64-w64-mingw32 (64-bit)
* R was compiled by
    gcc.exe (GCC) 12.3.0
    GNU Fortran (GCC) 12.3.0
* running under: Windows 10 x64 (build 19045)
* using session charset: UTF-8
* using options '--no-manual --as-cran'
* checking for file 'AppaCustomerServices/DESCRIPTION' ... OK
* this is package 'AppaCustomerServices' version '0.0.0.9000'
* package encoding: UTF-8
* checking package namespace information ... OK
* checking package dependencies ... OK
* checking if this is a source package ... OK
* checking if there is a namespace ... OK
* checking for executable files ... OK
* checking for hidden files and directories ... OK
* checking for portable file names ... OK
* checking serialization versions ... OK
* checking whether package 'AppaCustomerServices' can be installed ... OK
* checking installed package size ... NOTE
  installed size is  7.6Mb
  sub-directories of 1Mb or more:
    extdata   7.5Mb
* checking package directory ... OK
* checking for future file timestamps ... OK
* checking DESCRIPTION meta-information ... WARNING
Non-standard license specification:
  `use_mit_license()`, `use_gpl3_license()` or friends to pick a
  license
Standardizable: FALSE
* checking top-level files ... OK
* checking for left-over files ... OK
* checking index information ... OK
* checking package subdirectories ... OK
* checking R files for non-ASCII characters ... WARNING
Found the following file with non-ASCII characters:
  odev.R
Portable packages must use only ASCII characters in their R code,
except perhaps in comments.
Use \uxxxx escapes for other characters.
* checking R files for syntax errors ... OK
* checking whether the package can be loaded ... OK
* checking whether the package can be loaded with stated dependencies ... OK
* checking whether the package can be unloaded cleanly ... OK
* checking whether the namespace can be loaded with stated dependencies ... OK
* checking whether the namespace can be unloaded cleanly ... OK
* checking loading without being on the library search path ... OK
* checking dependencies in R code ... WARNING
'::' or ':::' imports not declared from:
  'ggplot2' 'readxl'
'library' or 'require' calls not declared from:
  'dplyr' 'ggplot2' 'lubridate' 'readxl' 'scales'
'library' or 'require' calls in package code:
  'dplyr' 'ggplot2' 'lubridate' 'readxl' 'scales'
  Please use :: or requireNamespace() instead.
  See section 'Suggested packages' in the 'Writing R Extensions' manual.
* checking S3 generic/method consistency ... OK
* checking replacement functions ... OK
* checking foreign function calls ... OK
* checking R code for possible problems ... NOTE
calculate_average_for_cof: no visible global function definition for
  '%>%'
calculate_average_for_cof: no visible global function definition for
  'rowwise'
calculate_average_for_cof: no visible global function definition for
  'mutate'
calculate_average_for_cof: no visible global function definition for
  'c_across'
calculate_average_for_cof: no visible global function definition for
  'where'
calculate_average_for_cof: no visible global function definition for
  'ungroup'
calculate_average_for_cof: no visible global function definition for
  'select'
calculate_average_for_cof: no visible binding for global variable
  'city'
calculate_average_for_cof: no visible binding for global variable
  'country'
calculate_average_for_cof: no visible binding for global variable
  'average'
calculate_percentage_of_total: no visible global function definition
  for '%>%'
calculate_percentage_of_total: no visible global function definition
  for 'mutate'
calculate_percentage_of_total: no visible binding for global variable
  'total_profit'
char_to_date: no visible global function definition for 'dmy'
char_to_date: no visible global function definition for '%>%'
char_to_date: no visible global function definition for 'filter'
char_to_date: no visible binding for global variable 'order_Date'
cof_profit_grafik: no visible global function definition for 'ggplot'
cof_profit_grafik: no visible global function definition for 'aes'
cof_profit_grafik: no visible binding for global variable 'city'
cof_profit_grafik: no visible global function definition for 'geom_col'
cof_profit_grafik: no visible binding for global variable
  'total_profit'
cof_profit_grafik: no visible binding for global variable 'average'
cof_profit_grafik: no visible global function definition for
  'scale_y_continuous'
cof_profit_grafik: no visible global function definition for 'sec_axis'
cof_profit_grafik: no visible binding for global variable 'comma'
cof_profit_grafik: no visible global function definition for 'labs'
cof_profit_grafik: no visible global function definition for
  'theme_minimal'
get_cof_data: no visible global function definition for '%>%'
get_cof_data: no visible global function definition for 'filter'
get_cof_data: no visible binding for global variable 'country'
get_data: no visible global function definition for '%>%'
get_data: no visible global function definition for 'select'
get_data: no visible global function definition for 'filter'
get_data: no visible binding for global variable 'country'
make_graphic: no visible global function definition for 'aes'
make_graphic: no visible global function definition for 'reorder'
make_graphic: no visible binding for global variable 'state'
make_graphic: no visible binding for global variable 'total_profit'
make_graphic: no visible global function definition for 'geom_bar'
make_graphic: no visible global function definition for 'labs'
make_graphic: no visible global function definition for 'theme_minimal'
make_graphic: no visible global function definition for
  'scale_y_continuous'
make_graphic: no visible binding for global variable 'comma'
read_state_data: no visible global function definition for 'read.csv'
total_profit_by_city_asc: no visible global function definition for
  '%>%'
total_profit_by_city_asc: no visible global function definition for
  'group_by'
total_profit_by_city_asc: no visible binding for global variable 'city'
total_profit_by_city_asc: no visible global function definition for
  'summarise'
total_profit_by_city_asc: no visible binding for global variable
  'profit'
total_profit_by_city_asc: no visible global function definition for
  'arrange'
total_profit_by_city_asc: no visible binding for global variable
  'total_profit'
total_profit_by_city_desc: no visible global function definition for
  '%>%'
total_profit_by_city_desc: no visible global function definition for
  'group_by'
total_profit_by_city_desc: no visible binding for global variable
  'city'
total_profit_by_city_desc: no visible global function definition for
  'summarise'
total_profit_by_city_desc: no visible binding for global variable
  'profit'
total_profit_by_city_desc: no visible global function definition for
  'arrange'
total_profit_by_city_desc: no visible global function definition for
  'desc'
total_profit_by_city_desc: no visible binding for global variable
  'total_profit'
total_profit_by_state_5: no visible global function definition for
  '%>%'
total_profit_by_state_5: no visible global function definition for
  'group_by'
total_profit_by_state_5: no visible binding for global variable 'state'
total_profit_by_state_5: no visible global function definition for
  'summarise'
total_profit_by_state_5: no visible binding for global variable
  'profit'
total_profit_by_state_5: no visible global function definition for
  'arrange'
total_profit_by_state_5: no visible global function definition for
  'desc'
total_profit_by_state_5: no visible binding for global variable
  'total_profit'
Undefined global functions or variables:
  %>% aes arrange average c_across city comma country desc dmy filter
  geom_bar geom_col ggplot group_by labs mutate order_Date profit
  read.csv reorder rowwise scale_y_continuous sec_axis select state
  summarise theme_minimal total_profit ungroup where
Consider adding
  importFrom("stats", "filter", "reorder")
  importFrom("utils", "read.csv")
to your NAMESPACE file.
* checking Rd files ... OK
* checking Rd metadata ... OK
* checking Rd line widths ... OK
* checking Rd cross-references ... OK
* checking for missing documentation entries ... OK
* checking for code/documentation mismatches ... OK
* checking Rd \usage sections ... WARNING
Undocumented arguments in documentation object 'cof_profit_grafik'
  'profit'

Undocumented arguments in documentation object 'read_state_data'
  'file_path'
Documented arguments not in \usage in documentation object 'read_state_data':
  'cost_of_living'

Functions with \usage entries need to have the appropriate \alias
entries, and all their arguments documented.
The \usage entries must correspond to syntactically valid R code.
See chapter 'Writing R documentation files' in the 'Writing R
Extensions' manual.
* checking Rd contents ... WARNING
Argument items with no description in Rd object 'calculate_average_for_cof':
  'data'

Argument items with no description in Rd object 'calculate_percentage_of_total':
  'data'

Argument items with no description in Rd object 'char_to_date':
  'data'

Argument items with no description in Rd object 'cof_profit_grafik':
  'cost_of_living'

Argument items with no description in Rd object 'factor_cevirme':
  'data'

Argument items with no description in Rd object 'filter_data':
  'data'

Argument items with no description in Rd object 'get_cof_data':
  'path_to_data'

Argument items with no description in Rd object 'get_data':
  'path_to_data'

Argument items with no description in Rd object 'make_graphic':
  'total_prof'

Argument items with no description in Rd object 'numeric_yap_cof':
  'data'

Argument items with no description in Rd object 'read_state_data':
  'cost_of_living'

Argument items with no description in Rd object 'total_profit_by_city_asc':
  'data'

Argument items with no description in Rd object 'total_profit_by_city_desc':
  'data'

Argument items with no description in Rd object 'total_profit_by_state_5':
  'data'

Argument items with no description in Rd object 'usd_to_tl':
  'data'

* checking for unstated dependencies in examples ... OK
* checking examples ... NONE
* checking for non-standard things in the check directory ... OK
* checking for detritus in the temp directory ... OK
* DONE
Status: 5 WARNINGs, 2 NOTEs
